#
# There is insufficient memory for the Java Runtime Environment to continue.
# Native memory allocation (mmap) failed to map 264241152 bytes for G1 virtual space
# Possible reasons:
#   The system is out of physical RAM or swap space
#   The process is running with CompressedOops enabled, and the Java Heap may be blocking the growth of the native heap
# Possible solutions:
#   Reduce memory load on the system
#   Increase physical memory or swap space
#   Check if swap backing store is full
#   Decrease Java heap size (-Xmx/-Xms)
#   Decrease number of Java threads
#   Decrease Java thread stack sizes (-Xss)
#   Set larger code cache with -XX:ReservedCodeCacheSize=
#   JVM is running with Zero Based Compressed Oops mode in which the Java heap is
#     placed in the first 32GB address space. The Java Heap base address is the
#     maximum limit for the native heap growth. Please use -XX:HeapBaseMinAddress
#     to set the Java Heap base and to place the Java Heap above 32GB virtual address.
# This output file may be truncated or incomplete.
#
#  Out of Memory Error (os_windows.cpp:3552), pid=1064, tid=22700
#
# JRE version:  (17.0.9+11) (build )
# Java VM: Java HotSpot(TM) 64-Bit Server VM (17.0.9+11-LTS-201, mixed mode, sharing, tiered, compressed oops, compressed class ptrs, g1 gc, windows-amd64)
# No core dump will be written. Minidumps are not enabled by default on client versions of Windows
#

---------------  S U M M A R Y ------------

Command Line: -Dclassworlds.conf=C:\Program Files\NetBeans-19\netbeans\java\maven\bin\m2.conf -Dmaven.home=C:\Program Files\NetBeans-19\netbeans\java\maven -Dlibrary.jansi.path=C:\Program Files\NetBeans-19\netbeans\java\maven\lib\jansi-native -Dmaven.multiModuleProjectDirectory=C:\Progra\MyProjects\ProyectoLenguajeBD\Proyecto-Maven org.codehaus.plexus.classworlds.launcher.Launcher -Dexec.vmArgs= -Dexec.args=${exec.vmArgs} -classpath %classpath ${exec.mainClass} ${exec.appArgs} -Dexec.appArgs= -Dexec.mainClass=com.yire.ProyectoMaven -Dexec.executable=C:\Program Files\Java\jdk-17\bin\java.exe -Dmaven.ext.class.path=C:\Program Files\NetBeans-19\netbeans\java\maven-nblib\netbeans-eventspy.jar -Dfile.encoding=UTF-8 --no-transfer-progress process-classes org.codehaus.mojo:exec-maven-plugin:3.1.0:exec

Host: 13th Gen Intel(R) Core(TM) i7-13620H, 16 cores, 15G,  Windows 11 , 64 bit Build 22621 (10.0.22621.2506)
Time: Sat Dec  9 16:23:26 2023 Central America Standard Time elapsed time: 0.015242 seconds (0d 0h 0m 0s)

---------------  T H R E A D  ---------------

Current thread (0x000002666d12e5e0):  JavaThread "Unknown thread" [_thread_in_vm, id=22700, stack(0x000000785e700000,0x000000785e800000)]

Stack: [0x000000785e700000,0x000000785e800000]
Native frames: (J=compiled Java code, j=interpreted, Vv=VM code, C=native code)
V  [jvm.dll+0x678a4a]
V  [jvm.dll+0x7d9cfd]
V  [jvm.dll+0x7db60e]
V  [jvm.dll+0x7dbc73]
V  [jvm.dll+0x245e1f]
V  [jvm.dll+0x6758f9]
V  [jvm.dll+0x66a2a2]
V  [jvm.dll+0x303686]
V  [jvm.dll+0x30ac06]
V  [jvm.dll+0x35a48e]
V  [jvm.dll+0x35a6bf]
V  [jvm.dll+0x2da678]
V  [jvm.dll+0x2db5e4]
V  [jvm.dll+0x7ab6b1]
V  [jvm.dll+0x368041]
V  [jvm.dll+0x78a749]
V  [jvm.dll+0x3ebd4f]
V  [jvm.dll+0x3ed7d1]
C  [jli.dll+0x5297]
C  [ucrtbase.dll+0x29363]
C  [KERNEL32.DLL+0x1257d]
C  [ntdll.dll+0x5aa58]


---------------  P R O C E S S  ---------------

Threads class SMR info:
_java_thread_list=0x00007ff858c989d8, length=0, elements={
}

Java Threads: ( => current thread )

Other Threads:
  0x000002666d19c5f0 GCTaskThread "GC Thread#0" [stack: 0x000000785e800000,0x000000785e900000] [id=31280]
  0x000002666d1adfb0 ConcurrentGCThread "G1 Main Marker" [stack: 0x000000785e900000,0x000000785ea00000] [id=12156]
  0x000002666d1af070 ConcurrentGCThread "G1 Conc#0" [stack: 0x000000785ea00000,0x000000785eb00000] [id=32824]

[error occurred during error reporting (printing all threads), id 0xc0000005, EXCEPTION_ACCESS_VIOLATION (0xc0000005) at pc=0x00007ff8584cb2d7]

VM state: not at safepoint (not fully initialized)

VM Mutex/Monitor currently owned by a thread:  ([mutex/lock_event])
[0x000002666d12adb0] Heap_lock - owner thread: 0x000002666d12e5e0

Heap address: 0x0000000704a00000, size: 4022 MB, Compressed Oops mode: Zero based, Oop shift amount: 3

CDS archive(s) mapped at: [0x0000000000000000-0x0000000000000000-0x0000000000000000), size 0, SharedBaseAddress: 0x0000000800000000, ArchiveRelocationMode: 1.
Narrow klass base: 0x0000000000000000, Narrow klass shift: 0, Narrow klass range: 0x0

GC Precious Log:
<Empty>

Heap:
 garbage-first heap   total 0K, used 0K [0x0000000704a00000, 0x0000000800000000)
  region size 2048K, 0 young (0K), 0 survivors (0K)

[error occurred during error reporting (printing heap information), id 0xc0000005, EXCEPTION_ACCESS_VIOLATION (0xc0000005) at pc=0x00007ff8588b2229]

GC Heap History (0 events):
No events

Deoptimization events (0 events):
No events

Classes unloaded (0 events):
No events

Classes redefined (0 events):
No events

Internal exceptions (0 events):
No events

VM Operations (0 events):
No events

Events (1 events):
Event: 0.007 Loaded shared library C:\Program Files\Java\jdk-17\bin\java.dll


Dynamic libraries:
0x00007ff7ae430000 - 0x00007ff7ae440000 	C:\Program Files\Java\jdk-17\bin\java.exe
0x00007ff91fe70000 - 0x00007ff920087000 	C:\Windows\SYSTEM32\ntdll.dll
0x00007ff91f450000 - 0x00007ff91f514000 	C:\Windows\System32\KERNEL32.DLL
0x00007ff91d560000 - 0x00007ff91d905000 	C:\Windows\System32\KERNELBASE.dll
0x00007ff91d300000 - 0x00007ff91d411000 	C:\Windows\System32\ucrtbase.dll
0x00007ff90d3f0000 - 0x00007ff90d40b000 	C:\Program Files\Java\jdk-17\bin\VCRUNTIME140.dll
0x00007ff90d520000 - 0x00007ff90d539000 	C:\Program Files\Java\jdk-17\bin\jli.dll
0x00007ff91fc60000 - 0x00007ff91fd11000 	C:\Windows\System32\ADVAPI32.dll
0x00007ff91f620000 - 0x00007ff91f6c7000 	C:\Windows\System32\msvcrt.dll
0x00007ff91ed70000 - 0x00007ff91ee16000 	C:\Windows\System32\sechost.dll
0x00007ff91ea50000 - 0x00007ff91eb67000 	C:\Windows\System32\RPCRT4.dll
0x00007ff91ee20000 - 0x00007ff91efce000 	C:\Windows\System32\USER32.dll
0x00007ff91db90000 - 0x00007ff91dbb6000 	C:\Windows\System32\win32u.dll
0x00007ff90b6c0000 - 0x00007ff90b953000 	C:\Windows\WinSxS\amd64_microsoft.windows.common-controls_6595b64144ccf1df_6.0.22621.2506_none_270c5ae97388e100\COMCTL32.dll
0x00007ff91ebf0000 - 0x00007ff91ec19000 	C:\Windows\System32\GDI32.dll
0x00007ff91d1e0000 - 0x00007ff91d2f9000 	C:\Windows\System32\gdi32full.dll
0x00007ff91d910000 - 0x00007ff91d9aa000 	C:\Windows\System32\msvcp_win.dll
0x00007ff9122c0000 - 0x00007ff9122ca000 	C:\Windows\SYSTEM32\VERSION.dll
0x00007ff91f6d0000 - 0x00007ff91f701000 	C:\Windows\System32\IMM32.DLL
0x00007ff90dfe0000 - 0x00007ff90dfec000 	C:\Program Files\Java\jdk-17\bin\vcruntime140_1.dll
0x00007ff8ed110000 - 0x00007ff8ed19e000 	C:\Program Files\Java\jdk-17\bin\msvcp140.dll
0x00007ff8581e0000 - 0x00007ff858dc1000 	C:\Program Files\Java\jdk-17\bin\server\jvm.dll
0x00007ff91eb70000 - 0x00007ff91eb78000 	C:\Windows\System32\PSAPI.DLL
0x00007ff9074d0000 - 0x00007ff9074d9000 	C:\Windows\SYSTEM32\WSOCK32.dll
0x00007ff8fcd80000 - 0x00007ff8fcdb4000 	C:\Windows\SYSTEM32\WINMM.dll
0x00007ff91f710000 - 0x00007ff91f781000 	C:\Windows\System32\WS2_32.dll
0x00007ff91c1b0000 - 0x00007ff91c1c8000 	C:\Windows\SYSTEM32\kernel.appcore.dll
0x00007ff90df60000 - 0x00007ff90df6a000 	C:\Program Files\Java\jdk-17\bin\jimage.dll
0x00007ff91ac50000 - 0x00007ff91ae83000 	C:\Windows\SYSTEM32\DBGHELP.DLL
0x00007ff91f8d0000 - 0x00007ff91fc59000 	C:\Windows\System32\combase.dll
0x00007ff91f7f0000 - 0x00007ff91f8c7000 	C:\Windows\System32\OLEAUT32.dll
0x00007ff911ca0000 - 0x00007ff911cd2000 	C:\Windows\SYSTEM32\dbgcore.DLL
0x00007ff91d420000 - 0x00007ff91d49a000 	C:\Windows\System32\bcryptPrimitives.dll
0x00007ff8fec90000 - 0x00007ff8fecb5000 	C:\Program Files\Java\jdk-17\bin\java.dll

dbghelp: loaded successfully - version: 4.0.5 - missing functions: none
symbol engine: initialized successfully - sym options: 0x614 - pdb path: .;C:\Program Files\Java\jdk-17\bin;C:\Windows\SYSTEM32;C:\Windows\WinSxS\amd64_microsoft.windows.common-controls_6595b64144ccf1df_6.0.22621.2506_none_270c5ae97388e100;C:\Program Files\Java\jdk-17\bin\server

VM Arguments:
jvm_args: -Dclassworlds.conf=C:\Program Files\NetBeans-19\netbeans\java\maven\bin\m2.conf -Dmaven.home=C:\Program Files\NetBeans-19\netbeans\java\maven -Dlibrary.jansi.path=C:\Program Files\NetBeans-19\netbeans\java\maven\lib\jansi-native -Dmaven.multiModuleProjectDirectory=C:\Progra\MyProjects\ProyectoLenguajeBD\Proyecto-Maven 
java_command: org.codehaus.plexus.classworlds.launcher.Launcher -Dexec.vmArgs= -Dexec.args=${exec.vmArgs} -classpath %classpath ${exec.mainClass} ${exec.appArgs} -Dexec.appArgs= -Dexec.mainClass=com.yire.ProyectoMaven -Dexec.executable=C:\Program Files\Java\jdk-17\bin\java.exe -Dmaven.ext.class.path=C:\Program Files\NetBeans-19\netbeans\java\maven-nblib\netbeans-eventspy.jar -Dfile.encoding=UTF-8 --no-transfer-progress process-classes org.codehaus.mojo:exec-maven-plugin:3.1.0:exec
java_class_path (initial): C:\Program Files\NetBeans-19\netbeans\java\maven\boot\plexus-classworlds-2.7.0.jar
Launcher Type: SUN_STANDARD

[Global flags]
     intx CICompilerCount                          = 12                                        {product} {ergonomic}
     uint ConcGCThreads                            = 3                                         {product} {ergonomic}
     uint G1ConcRefinementThreads                  = 13                                        {product} {ergonomic}
   size_t G1HeapRegionSize                         = 2097152                                   {product} {ergonomic}
    uintx GCDrainStackTargetSize                   = 64                                        {product} {ergonomic}
   size_t InitialHeapSize                          = 264241152                                 {product} {ergonomic}
   size_t MarkStackSize                            = 4194304                                   {product} {ergonomic}
   size_t MaxHeapSize                              = 4217372672                                {product} {ergonomic}
   size_t MinHeapDeltaBytes                        = 2097152                                   {product} {ergonomic}
   size_t MinHeapSize                              = 8388608                                   {product} {ergonomic}
    uintx NonNMethodCodeHeapSize                   = 7602480                                {pd product} {ergonomic}
    uintx NonProfiledCodeHeapSize                  = 122027880                              {pd product} {ergonomic}
    uintx ProfiledCodeHeapSize                     = 122027880                              {pd product} {ergonomic}
    uintx ReservedCodeCacheSize                    = 251658240                              {pd product} {ergonomic}
     bool SegmentedCodeCache                       = true                                      {product} {ergonomic}
   size_t SoftMaxHeapSize                          = 4217372672                             {manageable} {ergonomic}
     bool UseCompressedClassPointers               = true                           {product lp64_product} {ergonomic}
     bool UseCompressedOops                        = true                           {product lp64_product} {ergonomic}
     bool UseG1GC                                  = true                                      {product} {ergonomic}
     bool UseLargePagesIndividualAllocation        = false                                  {pd product} {ergonomic}

Logging:
Log output configuration:
 #0: stdout all=warning uptime,level,tags
 #1: stderr all=off uptime,level,tags

Environment Variables:
JAVA_HOME=C:\Program Files\Java\jdk-17
PATH=C:\Progra\Ora\bin;C:\Program Files\Common Files\Oracle\Java\javapath;C:\Progra\WINDOWS.X64_193000_db_home\bin;C:\Windows\system32;C:\Windows;C:\Windows\System32\Wbem;C:\Windows\System32\WindowsPowerShell\v1.0\;C:\Windows\System32\OpenSSH\;C:\Program Files (x86)\NVIDIA Corporation\PhysX\Common;C:\Program Files\NVIDIA Corporation\NVIDIA NvDLISR;C:\Program Files\dotnet\;C:\Users\antho\AppData\Local\Microsoft\WindowsApps;C:\Users\antho\AppData\Local\GitHubDesktop\bin
USERNAME=antho
OS=Windows_NT
PROCESSOR_IDENTIFIER=Intel64 Family 6 Model 186 Stepping 2, GenuineIntel



---------------  S Y S T E M  ---------------

OS:
 Windows 11 , 64 bit Build 22621 (10.0.22621.2506)
OS uptime: 14 days 12:07 hours
Hyper-V role detected

CPU: total 16 (initial active 16) (8 cores per cpu, 2 threads per core) family 6 model 186 stepping 2 microcode 0x410e, cx8, cmov, fxsr, ht, mmx, 3dnowpref, sse, sse2, sse3, ssse3, sse4.1, sse4.2, popcnt, lzcnt, tsc, tscinvbit, avx, avx2, aes, erms, clmul, bmi1, bmi2, adx, sha, fma, vzeroupper, clflush, clflushopt, clwb, hv

Memory: 4k page, system-wide physical 16085M (2006M free)
TotalPageFile size 26085M (AvailPageFile size 112M)
current process WorkingSet (physical memory assigned to process): 11M, peak: 11M
current process commit charge ("private bytes"): 70M, peak: 322M

vm_info: Java HotSpot(TM) 64-Bit Server VM (17.0.9+11-LTS-201) for windows-amd64 JRE (17.0.9+11-LTS-201), built on Oct 10 2023 23:16:06 by "mach5one" with MS VC++ 17.1 (VS2022)

END.
